app/build/outputs/logs/manifest-merger-debug-report.txt
-- Merging decision tree log ---
manifest
ADDED from src\main\AndroidManifest.xml:2:1-166:12
	package
		ADDED from src\main\AndroidManifest.xml:3:5-26
		INJECTED from src\main\AndroidManifest.xml
		INJECTED from src\main\AndroidManifest.xml
	android:versionName
		ADDED from src\main\AndroidManifest.xml:5:5-30
		INJECTED from src\main\AndroidManifest.xml
		INJECTED from src\main\AndroidManifest.xml
	android:versionCode
		ADDED from src\main\AndroidManifest.xml:4:5-28
		INJECTED from src\main\AndroidManifest.xml
		INJECTED from src\main\AndroidManifest.xml
	xmlns:android
		ADDED from src\main\AndroidManifest.xml:2:11-69
uses-permission#android.permission.INTERNET
ADDED from src\main\AndroidManifest.xml:8:5-67
	android:name
		ADDED from src\main\AndroidManifest.xml:8:22-64
uses-permission#android.permission.ACCESS_NETWORK_STATE
ADDED from src\main\AndroidManifest.xml:9:5-79
	android:name
		ADDED from src\main\AndroidManifest.xml:9:22-76
uses-permission#android.permission.ACCESS_WIFI_STATE
ADDED from src\main\AndroidManifest.xml:10:5-76
	android:name
		ADDED from src\main\AndroidManifest.xml:10:22-73
uses-permission#android.permission.CHANGE_WIFI_STATE
ADDED from src\main\AndroidManifest.xml:11:5-76
	android:name
		ADDED from src\main\AndroidManifest.xml:11:22-73
uses-permission#android.permission.READ_PHONE_STATE
ADDED from src\main\AndroidManifest.xml:12:5-75
	android:name
		ADDED from src\main\AndroidManifest.xml:12:22-72
uses-permission#android.permission.RECEIVE_BOOT_COMPLETED
ADDED from src\main\AndroidManifest.xml:13:5-81
	android:name
		ADDED from src\main\AndroidManifest.xml:13:22-78
uses-permission#android.permission.WRITE_EXTERNAL_STORAGE
ADDED from src\main\AndroidManifest.xml:14:5-81
	android:name
		ADDED from src\main\AndroidManifest.xml:14:22-78
uses-permission#android.permission.READ_LOGS
ADDED from src\main\AndroidManifest.xml:15:5-68
	android:name
		ADDED from src\main\AndroidManifest.xml:15:22-65
uses-permission#android.permission.CHANGE_NETWORK_STATE
ADDED from src\main\AndroidManifest.xml:16:5-79
	android:name
		ADDED from src\main\AndroidManifest.xml:16:22-76
uses-permission#android.permission.WAKE_LOCK
ADDED from src\main\AndroidManifest.xml:17:5-68
	android:name
		ADDED from src\main\AndroidManifest.xml:17:22-65
permission#cn.bmob.permission.push
ADDED from src\main\AndroidManifest.xml:20:5-22:44
	android:protectionLevel
		ADDED from src\main\AndroidManifest.xml:22:9-41
	android:name
		ADDED from src\main\AndroidManifest.xml:21:9-47
uses-permission#cn.bmob.permission.push
ADDED from src\main\AndroidManifest.xml:24:5-63
	android:name
		ADDED from src\main\AndroidManifest.xml:24:22-60
uses-permission#android.permission.VIBRATE
ADDED from src\main\AndroidManifest.xml:25:5-66
	android:name
		ADDED from src\main\AndroidManifest.xml:25:22-63
uses-permission#android.permission.RECEIVE_USER_PRESENT
ADDED from src\main\AndroidManifest.xml:26:5-79
	android:name
		ADDED from src\main\AndroidManifest.xml:26:22-76
meta-data#BMOB_CHANNEL
ADDED from src\main\AndroidManifest.xml:32:5-34:30
	android:value
		ADDED from src\main\AndroidManifest.xml:34:9-27
	android:name
		ADDED from src\main\AndroidManifest.xml:33:9-36
application
ADDED from src\main\AndroidManifest.xml:36:5-164:19
MERGED from [com.android.support:support-v4:23.1.1] AndroidManifest.xml:22:5-20
MERGED from [zao:multiImageSelector:unspecified] AndroidManifest.xml:11:5-12:19
MERGED from [com.android.support:appcompat-v7:23.1.1] AndroidManifest.xml:22:5-20
MERGED from [com.android.support:support-v4:23.1.1] AndroidManifest.xml:22:5-20
MERGED from [com.android.support:appcompat-v7:23.1.1] AndroidManifest.xml:22:5-20
MERGED from [com.android.support:support-v4:23.1.1] AndroidManifest.xml:22:5-20
	android:screenOrientation
		ADDED from src\main\AndroidManifest.xml:42:9-45
	android:label
		ADDED from src\main\AndroidManifest.xml:41:9-41
	android:hardwareAccelerated
		ADDED from src\main\AndroidManifest.xml:39:9-43
	android:allowBackup
		ADDED from src\main\AndroidManifest.xml:38:9-35
	android:icon
		ADDED from src\main\AndroidManifest.xml:40:9-38
	android:theme
		ADDED from src\main\AndroidManifest.xml:43:9-40
	android:name
		ADDED from src\main\AndroidManifest.xml:37:9-45
activity#com.hzu.zao.SplashActivity
ADDED from src\main\AndroidManifest.xml:44:9-52:20
	android:theme
		ADDED from src\main\AndroidManifest.xml:46:13-83
	android:name
		ADDED from src\main\AndroidManifest.xml:45:13-43
intent-filter#android.intent.action.MAIN+android.intent.category.LAUNCHER
ADDED from src\main\AndroidManifest.xml:47:13-51:29
action#android.intent.action.MAIN
ADDED from src\main\AndroidManifest.xml:48:17-69
	android:name
		ADDED from src\main\AndroidManifest.xml:48:25-66
category#android.intent.category.LAUNCHER
ADDED from src\main\AndroidManifest.xml:50:17-77
	android:name
		ADDED from src\main\AndroidManifest.xml:50:27-74
activity#com.hzu.zao.LoginActivity
ADDED from src\main\AndroidManifest.xml:53:9-56:59
	android:launchMode
		ADDED from src\main\AndroidManifest.xml:55:13-43
	android:theme
		ADDED from src\main\AndroidManifest.xml:56:13-56
	android:name
		ADDED from src\main\AndroidManifest.xml:54:13-42
activity#com.hzu.zao.MainActivity
ADDED from src\main\AndroidManifest.xml:57:9-60:58
	android:launchMode
		ADDED from src\main\AndroidManifest.xml:59:13-44
	android:theme
		ADDED from src\main\AndroidManifest.xml:60:13-56
	android:name
		ADDED from src\main\AndroidManifest.xml:58:13-41
activity#com.hzu.zao.WanToAnsActivity
ADDED from src\main\AndroidManifest.xml:61:9-63:59
	android:theme
		ADDED from src\main\AndroidManifest.xml:63:13-56
	android:name
		ADDED from src\main\AndroidManifest.xml:62:13-45
activity#com.hzu.zao.RecommActivity
ADDED from src\main\AndroidManifest.xml:65:9-66:59
	android:theme
		ADDED from src\main\AndroidManifest.xml:66:13-56
	android:name
		ADDED from src\main\AndroidManifest.xml:65:19-49
activity#com.hzu.zao.EditUserActivity
ADDED from src\main\AndroidManifest.xml:67:9-71:58
	android:launchMode
		ADDED from src\main\AndroidManifest.xml:69:13-43
	android:windowSoftInputMode
		ADDED from src\main\AndroidManifest.xml:70:13-52
	android:theme
		ADDED from src\main\AndroidManifest.xml:71:13-56
	android:name
		ADDED from src\main\AndroidManifest.xml:68:13-45
activity#com.hzu.zao.SettingActivity
ADDED from src\main\AndroidManifest.xml:73:9-74:58
	android:theme
		ADDED from src\main\AndroidManifest.xml:74:13-56
	android:name
		ADDED from src\main\AndroidManifest.xml:73:19-50
activity#com.hzu.zao.SearchAcitivity
ADDED from src\main\AndroidManifest.xml:75:9-78:59
	android:windowSoftInputMode
		ADDED from src\main\AndroidManifest.xml:77:13-52
	android:theme
		ADDED from src\main\AndroidManifest.xml:78:13-56
	android:name
		ADDED from src\main\AndroidManifest.xml:76:13-44
activity#com.hzu.zao.RegistActivity
ADDED from src\main\AndroidManifest.xml:80:9-82:59
	android:theme
		ADDED from src\main\AndroidManifest.xml:82:13-56
	android:name
		ADDED from src\main\AndroidManifest.xml:81:13-43
activity#com.hzu.zao.ForgetPwdActivity
ADDED from src\main\AndroidManifest.xml:83:9-85:59
	android:theme
		ADDED from src\main\AndroidManifest.xml:85:13-56
	android:name
		ADDED from src\main\AndroidManifest.xml:84:13-46
activity#com.hzu.zao.ExperienceActivity
ADDED from src\main\AndroidManifest.xml:86:9-89:55
	android:windowSoftInputMode
		ADDED from src\main\AndroidManifest.xml:89:13-52
	android:theme
		ADDED from src\main\AndroidManifest.xml:88:13-56
	android:name
		ADDED from src\main\AndroidManifest.xml:87:13-47
activity#com.hzu.zao.SearchExperienceActivity
ADDED from src\main\AndroidManifest.xml:90:9-93:58
	android:windowSoftInputMode
		ADDED from src\main\AndroidManifest.xml:92:13-52
	android:theme
		ADDED from src\main\AndroidManifest.xml:93:13-56
	android:name
		ADDED from src\main\AndroidManifest.xml:91:13-53
activity#com.hzu.zao.SearchDetailActivity
ADDED from src\main\AndroidManifest.xml:94:9-96:75
	android:theme
		ADDED from src\main\AndroidManifest.xml:96:13-72
	android:name
		ADDED from src\main\AndroidManifest.xml:95:13-49
activity#com.hzu.zao.WanToAnsDetailActivity
ADDED from src\main\AndroidManifest.xml:97:9-99:59
	android:theme
		ADDED from src\main\AndroidManifest.xml:99:13-56
	android:name
		ADDED from src\main\AndroidManifest.xml:98:13-51
activity#com.hzu.zao.ExDetailActivity
ADDED from src\main\AndroidManifest.xml:100:9-102:59
	android:theme
		ADDED from src\main\AndroidManifest.xml:102:13-56
	android:name
		ADDED from src\main\AndroidManifest.xml:101:13-45
activity#com.hzu.zao.ShareExpertenceActivity
ADDED from src\main\AndroidManifest.xml:104:9-106:59
	android:theme
		ADDED from src\main\AndroidManifest.xml:106:13-56
	android:name
		ADDED from src\main\AndroidManifest.xml:105:13-52
activity#me.nereo.multi_image_selector.MultiImageSelectorActivity
ADDED from src\main\AndroidManifest.xml:109:9-112:48
	android:configChanges
		ADDED from src\main\AndroidManifest.xml:111:13-59
	android:theme
		ADDED from src\main\AndroidManifest.xml:112:13-45
	android:name
		ADDED from src\main\AndroidManifest.xml:110:13-84
activity#com.hzu.zao.ImageEditorActivity
ADDED from src\main\AndroidManifest.xml:114:9-116:60
	android:theme
		ADDED from src\main\AndroidManifest.xml:116:13-57
	android:name
		ADDED from src\main\AndroidManifest.xml:115:13-48
activity#com.hzu.zao.BigPicActivity
ADDED from src\main\AndroidManifest.xml:118:9-120:60
	android:theme
		ADDED from src\main\AndroidManifest.xml:120:13-57
	android:name
		ADDED from src\main\AndroidManifest.xml:119:13-43
activity#com.hzu.zao.CommitQuestionActivity
ADDED from src\main\AndroidManifest.xml:122:9-124:59
	android:theme
		ADDED from src\main\AndroidManifest.xml:124:13-56
	android:name
		ADDED from src\main\AndroidManifest.xml:123:13-51
activity#com.hzu.zao.UserManagerActivity
ADDED from src\main\AndroidManifest.xml:127:9-129:59
	android:theme
		ADDED from src\main\AndroidManifest.xml:129:13-56
	android:name
		ADDED from src\main\AndroidManifest.xml:128:13-48
activity#cn.bmob.v3.update.UpdateDialogActivity
ADDED from src\main\AndroidManifest.xml:131:9-133:75
	android:theme
		ADDED from src\main\AndroidManifest.xml:133:13-72
	android:name
		ADDED from src\main\AndroidManifest.xml:132:13-66
service#cn.bmob.push.lib.service.PushService
ADDED from src\main\AndroidManifest.xml:135:9-144:19
	android:process
		ADDED from src\main\AndroidManifest.xml:140:13-43
	android:label
		ADDED from src\main\AndroidManifest.xml:138:13-40
	android:exported
		ADDED from src\main\AndroidManifest.xml:137:13-36
	android:permission
		ADDED from src\main\AndroidManifest.xml:139:13-57
	android:name
		ADDED from src\main\AndroidManifest.xml:136:13-64
intent-filter#cn.bmob.push.lib.service.PushService
ADDED from src\main\AndroidManifest.xml:141:13-143:29
action#cn.bmob.push.lib.service.PushService
ADDED from src\main\AndroidManifest.xml:142:17-79
	android:name
		ADDED from src\main\AndroidManifest.xml:142:25-76
receiver#cn.bmob.push.PushReceiver
ADDED from src\main\AndroidManifest.xml:146:9-155:20
	android:name
		ADDED from src\main\AndroidManifest.xml:146:19-59
intent-filter#android.intent.action.BOOT_COMPLETED+android.intent.action.USER_PRESENT+android.net.conn.CONNECTIVITY_CHANGE
ADDED from src\main\AndroidManifest.xml:147:13-154:29
	android:priority
		ADDED from src\main\AndroidManifest.xml:147:28-57
action#android.intent.action.BOOT_COMPLETED
ADDED from src\main\AndroidManifest.xml:149:17-79
	android:name
		ADDED from src\main\AndroidManifest.xml:149:25-76
action#android.intent.action.USER_PRESENT
ADDED from src\main\AndroidManifest.xml:151:17-77
	android:name
		ADDED from src\main\AndroidManifest.xml:151:25-74
action#android.net.conn.CONNECTIVITY_CHANGE
ADDED from src\main\AndroidManifest.xml:153:17-79
	android:name
		ADDED from src\main\AndroidManifest.xml:153:25-76
receiver#com.hzu.zao.push.MyPushMessageReceiver
ADDED from src\main\AndroidManifest.xml:156:9-160:20
	android:name
		ADDED from src\main\AndroidManifest.xml:156:19-61
intent-filter#cn.bmob.push.action.MESSAGE
ADDED from src\main\AndroidManifest.xml:157:13-159:29
action#cn.bmob.push.action.MESSAGE
ADDED from src\main\AndroidManifest.xml:158:17-70
	android:name
		ADDED from src\main\AndroidManifest.xml:158:25-67
uses-sdk
INJECTED from src\main\AndroidManifest.xml reason: use-sdk injection requested
MERGED from [com.android.support:support-v4:23.1.1] AndroidManifest.xml:20:5-43
MERGED from [zao:multiImageSelector:unspecified] AndroidManifest.xml:7:5-9:41
MERGED from [com.android.support:appcompat-v7:23.1.1] AndroidManifest.xml:20:5-43
MERGED from [com.android.support:support-v4:23.1.1] AndroidManifest.xml:20:5-43
MERGED from [com.android.support:appcompat-v7:23.1.1] AndroidManifest.xml:20:5-43
MERGED from [com.android.support:support-v4:23.1.1] AndroidManifest.xml:20:5-43
	android:targetSdkVersion
		INJECTED from src\main\AndroidManifest.xml
		INJECTED from src\main\AndroidManifest.xml
	android:minSdkVersion
		INJECTED from src\main\AndroidManifest.xml
		INJECTED from src\main\AndroidManifest.xml